2016-11-07T18:29:45+00:00 DEBUG (7): exception 'Zend_Exception' with message 'dbModel read resource does not implement Zend_Db_Adapter_Abstract' in /home/agentom/domains/colony19.agentom.com/public_html/lib/Varien/Data/Collection/Db.php:187
Stack trace:
#0 /home/agentom/domains/colony19.agentom.com/public_html/app/code/core/Mage/Core/Model/Resource/Db/Collection/Abstract.php(134): Varien_Data_Collection_Db->setConnection(false)
#1 /home/agentom/domains/colony19.agentom.com/public_html/app/code/core/Mage/Core/Model/Config.php(1354): Mage_Core_Model_Resource_Db_Collection_Abstract->__construct(Array)
#2 /home/agentom/domains/colony19.agentom.com/public_html/app/code/core/Mage/Core/Model/Config.php(1386): Mage_Core_Model_Config->getModelInstance('wordpress_resou...', Array)
#3 /home/agentom/domains/colony19.agentom.com/public_html/app/Mage.php(491): Mage_Core_Model_Config->getResourceModelInstance('wordpress/user_...', Array)
#4 /home/agentom/domains/colony19.agentom.com/public_html/app/code/community/Fishpig/Wordpress/Model/Resource/User.php(75): Mage::getResourceModel('wordpress/user_...')
#5 /home/agentom/domains/colony19.agentom.com/public_html/app/code/community/Fishpig/Wordpress/sql/wordpress_setup/mysql4-upgrade-3.2.0.0-3.2.0.1.php(22): Fishpig_Wordpress_Model_Resource_User->cleanDuplicates()
#6 /home/agentom/domains/colony19.agentom.com/public_html/app/code/core/Mage/Core/Model/Resource/Setup.php(624): include('/home/agentom/d...')
#7 /home/agentom/domains/colony19.agentom.com/public_html/app/code/core/Mage/Core/Model/Resource/Setup.php(422): Mage_Core_Model_Resource_Setup->_modifyResourceDb('upgrade', '0.1.0', '4.2.0.28')
#8 /home/agentom/domains/colony19.agentom.com/public_html/app/code/core/Mage/Core/Model/Resource/Setup.php(327): Mage_Core_Model_Resource_Setup->_installResourceDb('4.2.0.28')
#9 /home/agentom/domains/colony19.agentom.com/public_html/app/code/core/Mage/Core/Model/Resource/Setup.php(235): Mage_Core_Model_Resource_Setup->applyUpdates()
#10 /home/agentom/domains/colony19.agentom.com/public_html/downloader/Maged/Controller.php(981): Mage_Core_Model_Resource_Setup::applyAllUpdates()
#11 /home/agentom/domains/colony19.agentom.com/public_html/downloader/Maged/Controller.php(420): Maged_Controller->cleanCache()
#12 /home/agentom/domains/colony19.agentom.com/public_html/downloader/Maged/Controller.php(830): Maged_Controller->cleanCacheAction()
#13 /home/agentom/domains/colony19.agentom.com/public_html/downloader/Maged/Controller.php(514): Maged_Controller->dispatch()
#14 /home/agentom/domains/colony19.agentom.com/public_html/downloader/index.php(36): Maged_Controller::run()
#15 {main}
2016-11-07T19:02:11+00:00 DEBUG (7): exception 'Exception' with message 'WordPress Admin details not set.' in /home/agentom/domains/colony19.agentom.com/public_html/app/code/community/Fishpig/Wordpress/controllers/Adminhtml/WordpressController.php:31
Stack trace:
#0 /home/agentom/domains/colony19.agentom.com/public_html/app/code/core/Mage/Core/Controller/Varien/Action.php(418): Fishpig_Wordpress_Adminhtml_WordpressController->loginAction()
#1 /home/agentom/domains/colony19.agentom.com/public_html/app/code/core/Mage/Core/Controller/Varien/Router/Standard.php(254): Mage_Core_Controller_Varien_Action->dispatch('login')
#2 /home/agentom/domains/colony19.agentom.com/public_html/app/code/core/Mage/Core/Controller/Varien/Front.php(172): Mage_Core_Controller_Varien_Router_Standard->match(Object(Mage_Core_Controller_Request_Http))
#3 /home/agentom/domains/colony19.agentom.com/public_html/app/code/core/Mage/Core/Model/App.php(365): Mage_Core_Controller_Varien_Front->dispatch()
#4 /home/agentom/domains/colony19.agentom.com/public_html/app/Mage.php(684): Mage_Core_Model_App->run(Array)
#5 /home/agentom/domains/colony19.agentom.com/public_html/index.php(83): Mage::run('', 'store')
#6 {main}
2016-11-08T17:04:58+00:00 DEBUG (7): exception 'Exception' with message 'WordPress Auto Login Failed: HTTP/1.1 404 Not Found
Date: Tue, 08 Nov 2016 17:04:56 GMT
Server: Apache/2.4.10
Expires: Thu, 19 Nov 1981 08:52:00 GMT
Cache-Control: no-store, no-cache, must-revalidate, post-check=0, pre-check=0
Pragma: no-cache
X-Frame-Options: SAMEORIGIN
Set-Cookie: frontend=96ofnvnc9id8lkfo3or0l4d7r5; expires=Wed, 09-Nov-2016 13:04:57 GMT; Max-Age=72000; path=/; domain=colony19.agentom.com; HttpOnly
Content-Type: text/html; charset=UTF-8' in /home/agentom/domains/colony19.agentom.com/public_html/app/code/community/Fishpig/Wordpress/Helper/System.php:373
Stack trace:
#0 /home/agentom/domains/colony19.agentom.com/public_html/app/code/community/Fishpig/Wordpress/controllers/Adminhtml/WordpressController.php(34): Fishpig_Wordpress_Helper_System->loginToWordPress('Jaco', 'Psittacuseritha...', 'http://colony19...')
#1 /home/agentom/domains/colony19.agentom.com/public_html/app/code/core/Mage/Core/Controller/Varien/Action.php(418): Fishpig_Wordpress_Adminhtml_WordpressController->loginAction()
#2 /home/agentom/domains/colony19.agentom.com/public_html/app/code/core/Mage/Core/Controller/Varien/Router/Standard.php(254): Mage_Core_Controller_Varien_Action->dispatch('login')
#3 /home/agentom/domains/colony19.agentom.com/public_html/app/code/core/Mage/Core/Controller/Varien/Front.php(172): Mage_Core_Controller_Varien_Router_Standard->match(Object(Mage_Core_Controller_Request_Http))
#4 /home/agentom/domains/colony19.agentom.com/public_html/app/code/core/Mage/Core/Model/App.php(365): Mage_Core_Controller_Varien_Front->dispatch()
#5 /home/agentom/domains/colony19.agentom.com/public_html/app/Mage.php(684): Mage_Core_Model_App->run(Array)
#6 /home/agentom/domains/colony19.agentom.com/public_html/index.php(83): Mage::run('', 'store')
#7 {main}
2016-11-08T17:06:18+00:00 DEBUG (7): exception 'Exception' with message 'WordPress Auto Login Failed: HTTP/1.1 404 Not Found
Date: Tue, 08 Nov 2016 17:06:16 GMT
Server: Apache/2.4.10
Expires: Thu, 19 Nov 1981 08:52:00 GMT
Cache-Control: no-store, no-cache, must-revalidate, post-check=0, pre-check=0
Pragma: no-cache
X-Frame-Options: SAMEORIGIN
Set-Cookie: frontend=g6q8qlciesjop1vvaj4e1egvk6; expires=Wed, 09-Nov-2016 13:06:17 GMT; Max-Age=72000; path=/; domain=colony19.agentom.com; HttpOnly
Content-Type: text/html; charset=UTF-8' in /home/agentom/domains/colony19.agentom.com/public_html/app/code/community/Fishpig/Wordpress/Helper/System.php:373
Stack trace:
#0 /home/agentom/domains/colony19.agentom.com/public_html/app/code/community/Fishpig/Wordpress/controllers/Adminhtml/WordpressController.php(34): Fishpig_Wordpress_Helper_System->loginToWordPress('Jaco', 'Psittacuseritha...', 'http://colony19...')
#1 /home/agentom/domains/colony19.agentom.com/public_html/app/code/core/Mage/Core/Controller/Varien/Action.php(418): Fishpig_Wordpress_Adminhtml_WordpressController->loginAction()
#2 /home/agentom/domains/colony19.agentom.com/public_html/app/code/core/Mage/Core/Controller/Varien/Router/Standard.php(254): Mage_Core_Controller_Varien_Action->dispatch('login')
#3 /home/agentom/domains/colony19.agentom.com/public_html/app/code/core/Mage/Core/Controller/Varien/Front.php(172): Mage_Core_Controller_Varien_Router_Standard->match(Object(Mage_Core_Controller_Request_Http))
#4 /home/agentom/domains/colony19.agentom.com/public_html/app/code/core/Mage/Core/Model/App.php(365): Mage_Core_Controller_Varien_Front->dispatch()
#5 /home/agentom/domains/colony19.agentom.com/public_html/app/Mage.php(684): Mage_Core_Model_App->run(Array)
#6 /home/agentom/domains/colony19.agentom.com/public_html/index.php(83): Mage::run('', 'store')
#7 {main}
2016-11-08T17:09:56+00:00 DEBUG (7): exception 'Exception' with message 'WordPress Auto Login Failed: HTTP/1.1 404 Not Found
Date: Tue, 08 Nov 2016 17:09:53 GMT
Server: Apache/2.4.10
Expires: Thu, 19 Nov 1981 08:52:00 GMT
Cache-Control: no-store, no-cache, must-revalidate, post-check=0, pre-check=0
Pragma: no-cache
X-Frame-Options: SAMEORIGIN
Set-Cookie: frontend=mgkas3bmimqan9o9cu2l1m4924; expires=Wed, 09-Nov-2016 13:09:54 GMT; Max-Age=72000; path=/; domain=colony19.agentom.com; HttpOnly
Content-Type: text/html; charset=UTF-8' in /home/agentom/domains/colony19.agentom.com/public_html/app/code/community/Fishpig/Wordpress/Helper/System.php:373
Stack trace:
#0 /home/agentom/domains/colony19.agentom.com/public_html/app/code/community/Fishpig/Wordpress/controllers/Adminhtml/WordpressController.php(34): Fishpig_Wordpress_Helper_System->loginToWordPress('Jaco', 'Psittacuseritha...', 'http://colony19...')
#1 /home/agentom/domains/colony19.agentom.com/public_html/app/code/core/Mage/Core/Controller/Varien/Action.php(418): Fishpig_Wordpress_Adminhtml_WordpressController->loginAction()
#2 /home/agentom/domains/colony19.agentom.com/public_html/app/code/core/Mage/Core/Controller/Varien/Router/Standard.php(254): Mage_Core_Controller_Varien_Action->dispatch('login')
#3 /home/agentom/domains/colony19.agentom.com/public_html/app/code/core/Mage/Core/Controller/Varien/Front.php(172): Mage_Core_Controller_Varien_Router_Standard->match(Object(Mage_Core_Controller_Request_Http))
#4 /home/agentom/domains/colony19.agentom.com/public_html/app/code/core/Mage/Core/Model/App.php(365): Mage_Core_Controller_Varien_Front->dispatch()
#5 /home/agentom/domains/colony19.agentom.com/public_html/app/Mage.php(684): Mage_Core_Model_App->run(Array)
#6 /home/agentom/domains/colony19.agentom.com/public_html/index.php(83): Mage::run('', 'store')
#7 {main}
2016-11-08T17:40:24+00:00 DEBUG (7): exception 'Exception' with message 'WordPress Auto Login Failed: HTTP/1.1 404 Not Found
Date: Tue, 08 Nov 2016 17:40:22 GMT
Server: Apache/2.4.10
Expires: Thu, 19 Nov 1981 08:52:00 GMT
Cache-Control: no-store, no-cache, must-revalidate, post-check=0, pre-check=0
Pragma: no-cache
X-Frame-Options: SAMEORIGIN
Set-Cookie: frontend=pohbi98cllqeueqli9ei2h5om3; expires=Wed, 09-Nov-2016 13:40:23 GMT; Max-Age=72000; path=/; domain=colony19.agentom.com; HttpOnly
Content-Type: text/html; charset=UTF-8' in /home/agentom/domains/colony19.agentom.com/public_html/app/code/community/Fishpig/Wordpress/Helper/System.php:373
Stack trace:
#0 /home/agentom/domains/colony19.agentom.com/public_html/app/code/community/Fishpig/Wordpress/controllers/Adminhtml/WordpressController.php(34): Fishpig_Wordpress_Helper_System->loginToWordPress('Jaco', 'Psittacuseritha...', 'http://colony19...')
#1 /home/agentom/domains/colony19.agentom.com/public_html/app/code/core/Mage/Core/Controller/Varien/Action.php(418): Fishpig_Wordpress_Adminhtml_WordpressController->loginAction()
#2 /home/agentom/domains/colony19.agentom.com/public_html/app/code/core/Mage/Core/Controller/Varien/Router/Standard.php(254): Mage_Core_Controller_Varien_Action->dispatch('login')
#3 /home/agentom/domains/colony19.agentom.com/public_html/app/code/core/Mage/Core/Controller/Varien/Front.php(172): Mage_Core_Controller_Varien_Router_Standard->match(Object(Mage_Core_Controller_Request_Http))
#4 /home/agentom/domains/colony19.agentom.com/public_html/app/code/core/Mage/Core/Model/App.php(365): Mage_Core_Controller_Varien_Front->dispatch()
#5 /home/agentom/domains/colony19.agentom.com/public_html/app/Mage.php(684): Mage_Core_Model_App->run(Array)
#6 /home/agentom/domains/colony19.agentom.com/public_html/index.php(83): Mage::run('', 'store')
#7 {main}
2016-11-08T17:43:54+00:00 DEBUG (7): exception 'Exception' with message 'WordPress Auto Login Failed: HTTP/1.1 404 Not Found
Date: Tue, 08 Nov 2016 17:43:53 GMT
Server: Apache/2.4.10
Expires: Thu, 19 Nov 1981 08:52:00 GMT
Cache-Control: no-store, no-cache, must-revalidate, post-check=0, pre-check=0
Pragma: no-cache
X-Frame-Options: SAMEORIGIN
Set-Cookie: frontend=9nrcbdthrmfhvqb7dm7thaub13; expires=Wed, 09-Nov-2016 13:43:54 GMT; Max-Age=72000; path=/; domain=colony19.agentom.com; HttpOnly
Content-Type: text/html; charset=UTF-8' in /home/agentom/domains/colony19.agentom.com/public_html/app/code/community/Fishpig/Wordpress/Helper/System.php:373
Stack trace:
#0 /home/agentom/domains/colony19.agentom.com/public_html/app/code/community/Fishpig/Wordpress/controllers/Adminhtml/WordpressController.php(34): Fishpig_Wordpress_Helper_System->loginToWordPress('Jaco', 'Psittacuseritha...', 'http://colony19...')
#1 /home/agentom/domains/colony19.agentom.com/public_html/app/code/core/Mage/Core/Controller/Varien/Action.php(418): Fishpig_Wordpress_Adminhtml_WordpressController->loginAction()
#2 /home/agentom/domains/colony19.agentom.com/public_html/app/code/core/Mage/Core/Controller/Varien/Router/Standard.php(254): Mage_Core_Controller_Varien_Action->dispatch('login')
#3 /home/agentom/domains/colony19.agentom.com/public_html/app/code/core/Mage/Core/Controller/Varien/Front.php(172): Mage_Core_Controller_Varien_Router_Standard->match(Object(Mage_Core_Controller_Request_Http))
#4 /home/agentom/domains/colony19.agentom.com/public_html/app/code/core/Mage/Core/Model/App.php(365): Mage_Core_Controller_Varien_Front->dispatch()
#5 /home/agentom/domains/colony19.agentom.com/public_html/app/Mage.php(684): Mage_Core_Model_App->run(Array)
#6 /home/agentom/domains/colony19.agentom.com/public_html/index.php(83): Mage::run('', 'store')
#7 {main}
2016-11-08T17:59:24+00:00 DEBUG (7): exception 'Exception' with message 'WordPress Auto Login Failed: HTTP/1.1 404 Not Found
Date: Tue, 08 Nov 2016 17:59:22 GMT
Server: Apache/2.4.10
Expires: Thu, 19 Nov 1981 08:52:00 GMT
Cache-Control: no-store, no-cache, must-revalidate, post-check=0, pre-check=0
Pragma: no-cache
X-Frame-Options: SAMEORIGIN
Set-Cookie: frontend=16kfqpekbvcb7bj5s7r74hdgr4; expires=Wed, 09-Nov-2016 13:59:23 GMT; Max-Age=72000; path=/; domain=colony19.agentom.com; HttpOnly
Content-Type: text/html; charset=UTF-8' in /home/agentom/domains/colony19.agentom.com/public_html/app/code/community/Fishpig/Wordpress/Helper/System.php:373
Stack trace:
#0 /home/agentom/domains/colony19.agentom.com/public_html/app/code/community/Fishpig/Wordpress/controllers/Adminhtml/WordpressController.php(34): Fishpig_Wordpress_Helper_System->loginToWordPress('Jaco', 'Psittacuseritha...', 'http://colony19...')
#1 /home/agentom/domains/colony19.agentom.com/public_html/app/code/core/Mage/Core/Controller/Varien/Action.php(418): Fishpig_Wordpress_Adminhtml_WordpressController->loginAction()
#2 /home/agentom/domains/colony19.agentom.com/public_html/app/code/core/Mage/Core/Controller/Varien/Router/Standard.php(254): Mage_Core_Controller_Varien_Action->dispatch('login')
#3 /home/agentom/domains/colony19.agentom.com/public_html/app/code/core/Mage/Core/Controller/Varien/Front.php(172): Mage_Core_Controller_Varien_Router_Standard->match(Object(Mage_Core_Controller_Request_Http))
#4 /home/agentom/domains/colony19.agentom.com/public_html/app/code/core/Mage/Core/Model/App.php(365): Mage_Core_Controller_Varien_Front->dispatch()
#5 /home/agentom/domains/colony19.agentom.com/public_html/app/Mage.php(684): Mage_Core_Model_App->run(Array)
#6 /home/agentom/domains/colony19.agentom.com/public_html/index.php(83): Mage::run('', 'store')
#7 {main}
2016-11-10T16:32:59+00:00 DEBUG (7): SQLSTATE[42S02]: Base table or view not found: 1146 Table 'colony19_blog.wp_blogs' doesn't exist, query was: SELECT `wp_blogs`.`blog_id` FROM `wp_blogs`
2016-11-10T16:32:59+00:00 DEBUG (7): SQLSTATE[42S02]: Base table or view not found: 1146 Table 'colony19_blog.wp_sitemeta' doesn't exist, query was: SELECT `wp_sitemeta`.`meta_value` FROM `wp_sitemeta` WHERE (meta_key = 'active_sitewide_plugins') AND (site_id=1) LIMIT 1
2016-11-10T16:32:59+00:00 DEBUG (7): SQLSTATE[42S02]: Base table or view not found: 1146 Table 'colony19_blog.wp_sitemeta' doesn't exist, query was: SELECT `wp_sitemeta`.`meta_value` FROM `wp_sitemeta` WHERE (meta_key = 'active_sitewide_plugins') AND (site_id=1) LIMIT 1
2016-11-10T16:32:59+00:00 DEBUG (7): SQLSTATE[42S02]: Base table or view not found: 1146 Table 'colony19_blog.wp_sitemeta' doesn't exist, query was: SELECT `wp_sitemeta`.`meta_value` FROM `wp_sitemeta` WHERE (meta_key = 'active_sitewide_plugins') AND (site_id=1) LIMIT 1
2016-11-10T16:32:59+00:00 DEBUG (7): SQLSTATE[42S02]: Base table or view not found: 1146 Table 'colony19_blog.wp_sitemeta' doesn't exist, query was: SELECT `wp_sitemeta`.`meta_value` FROM `wp_sitemeta` WHERE (meta_key = 'active_sitewide_plugins') AND (site_id=1) LIMIT 1
2016-11-10T16:32:59+00:00 DEBUG (7): SQLSTATE[42S02]: Base table or view not found: 1146 Table 'colony19_blog.wp_sitemeta' doesn't exist, query was: SELECT `wp_sitemeta`.`meta_value` FROM `wp_sitemeta` WHERE (meta_key = 'active_sitewide_plugins') AND (site_id=1) LIMIT 1
2016-11-10T16:32:59+00:00 DEBUG (7): SQLSTATE[42S02]: Base table or view not found: 1146 Table 'colony19_blog.wp_sitemeta' doesn't exist, query was: SELECT `wp_sitemeta`.`meta_value` FROM `wp_sitemeta` WHERE (meta_key = 'active_sitewide_plugins') AND (site_id=1) LIMIT 1
2016-11-10T16:32:59+00:00 DEBUG (7): SQLSTATE[42S02]: Base table or view not found: 1146 Table 'colony19_blog.wp_sitemeta' doesn't exist, query was: SELECT `wp_sitemeta`.`meta_value` FROM `wp_sitemeta` WHERE (meta_key = 'active_sitewide_plugins') AND (site_id=1) LIMIT 1
2016-11-10T16:32:59+00:00 DEBUG (7): SQLSTATE[42S02]: Base table or view not found: 1146 Table 'colony19_blog.wp_sitemeta' doesn't exist, query was: SELECT `wp_sitemeta`.`meta_value` FROM `wp_sitemeta` WHERE (meta_key = 'active_sitewide_plugins') AND (site_id=1) LIMIT 1
2016-11-10T16:32:59+00:00 DEBUG (7): SQLSTATE[42S02]: Base table or view not found: 1146 Table 'colony19_blog.wp_sitemeta' doesn't exist, query was: SELECT `wp_sitemeta`.`meta_value` FROM `wp_sitemeta` WHERE (meta_key = 'active_sitewide_plugins') AND (site_id=1) LIMIT 1
2016-11-10T16:32:59+00:00 DEBUG (7): SQLSTATE[42S02]: Base table or view not found: 1146 Table 'colony19_blog.wp_sitemeta' doesn't exist, query was: SELECT `wp_sitemeta`.`meta_value` FROM `wp_sitemeta` WHERE (meta_key = 'active_sitewide_plugins') AND (site_id=1) LIMIT 1
2016-11-10T16:32:59+00:00 DEBUG (7): SQLSTATE[42S02]: Base table or view not found: 1146 Table 'colony19_blog.wp_sitemeta' doesn't exist, query was: SELECT `wp_sitemeta`.`meta_value` FROM `wp_sitemeta` WHERE (meta_key = 'active_sitewide_plugins') AND (site_id=1) LIMIT 1
2016-11-10T16:32:59+00:00 DEBUG (7): SQLSTATE[42S02]: Base table or view not found: 1146 Table 'colony19_blog.wp_sitemeta' doesn't exist, query was: SELECT `wp_sitemeta`.`meta_value` FROM `wp_sitemeta` WHERE (meta_key = 'active_sitewide_plugins') AND (site_id=1) LIMIT 1
2016-11-10T16:32:59+00:00 DEBUG (7): SQLSTATE[42S02]: Base table or view not found: 1146 Table 'colony19_blog.wp_sitemeta' doesn't exist, query was: SELECT `wp_sitemeta`.`meta_value` FROM `wp_sitemeta` WHERE (meta_key = 'active_sitewide_plugins') AND (site_id=1) LIMIT 1
2016-11-10T16:32:59+00:00 DEBUG (7): SQLSTATE[42S02]: Base table or view not found: 1146 Table 'colony19_blog.wp_sitemeta' doesn't exist, query was: SELECT `wp_sitemeta`.`meta_value` FROM `wp_sitemeta` WHERE (meta_key = 'active_sitewide_plugins') AND (site_id=1) LIMIT 1
2016-11-10T16:32:59+00:00 DEBUG (7): SQLSTATE[42S02]: Base table or view not found: 1146 Table 'colony19_blog.wp_sitemeta' doesn't exist, query was: SELECT `wp_sitemeta`.`meta_value` FROM `wp_sitemeta` WHERE (meta_key = 'active_sitewide_plugins') AND (site_id=1) LIMIT 1
2016-11-10T16:34:10+00:00 DEBUG (7): SQLSTATE[42S02]: Base table or view not found: 1146 Table 'colony19_blog.wp_blogs' doesn't exist, query was: SELECT `wp_blogs`.`blog_id` FROM `wp_blogs`
2016-11-10T16:34:11+00:00 DEBUG (7): SQLSTATE[42S02]: Base table or view not found: 1146 Table 'colony19_blog.wp_sitemeta' doesn't exist, query was: SELECT `wp_sitemeta`.`meta_value` FROM `wp_sitemeta` WHERE (meta_key = 'active_sitewide_plugins') AND (site_id=1) LIMIT 1
2016-11-10T16:34:11+00:00 DEBUG (7): SQLSTATE[42S02]: Base table or view not found: 1146 Table 'colony19_blog.wp_sitemeta' doesn't exist, query was: SELECT `wp_sitemeta`.`meta_value` FROM `wp_sitemeta` WHERE (meta_key = 'active_sitewide_plugins') AND (site_id=1) LIMIT 1
2016-11-10T16:34:11+00:00 DEBUG (7): SQLSTATE[42S02]: Base table or view not found: 1146 Table 'colony19_blog.wp_sitemeta' doesn't exist, query was: SELECT `wp_sitemeta`.`meta_value` FROM `wp_sitemeta` WHERE (meta_key = 'active_sitewide_plugins') AND (site_id=1) LIMIT 1
2016-11-10T16:34:11+00:00 DEBUG (7): SQLSTATE[42S02]: Base table or view not found: 1146 Table 'colony19_blog.wp_sitemeta' doesn't exist, query was: SELECT `wp_sitemeta`.`meta_value` FROM `wp_sitemeta` WHERE (meta_key = 'active_sitewide_plugins') AND (site_id=1) LIMIT 1
2016-11-10T16:34:11+00:00 DEBUG (7): SQLSTATE[42S02]: Base table or view not found: 1146 Table 'colony19_blog.wp_sitemeta' doesn't exist, query was: SELECT `wp_sitemeta`.`meta_value` FROM `wp_sitemeta` WHERE (meta_key = 'active_sitewide_plugins') AND (site_id=1) LIMIT 1
2016-11-10T16:34:11+00:00 DEBUG (7): SQLSTATE[42S02]: Base table or view not found: 1146 Table 'colony19_blog.wp_sitemeta' doesn't exist, query was: SELECT `wp_sitemeta`.`meta_value` FROM `wp_sitemeta` WHERE (meta_key = 'active_sitewide_plugins') AND (site_id=1) LIMIT 1
2016-11-10T16:34:11+00:00 DEBUG (7): SQLSTATE[42S02]: Base table or view not found: 1146 Table 'colony19_blog.wp_sitemeta' doesn't exist, query was: SELECT `wp_sitemeta`.`meta_value` FROM `wp_sitemeta` WHERE (meta_key = 'active_sitewide_plugins') AND (site_id=1) LIMIT 1
2016-11-10T16:34:11+00:00 DEBUG (7): SQLSTATE[42S02]: Base table or view not found: 1146 Table 'colony19_blog.wp_sitemeta' doesn't exist, query was: SELECT `wp_sitemeta`.`meta_value` FROM `wp_sitemeta` WHERE (meta_key = 'active_sitewide_plugins') AND (site_id=1) LIMIT 1
2016-11-10T16:34:11+00:00 DEBUG (7): SQLSTATE[42S02]: Base table or view not found: 1146 Table 'colony19_blog.wp_sitemeta' doesn't exist, query was: SELECT `wp_sitemeta`.`meta_value` FROM `wp_sitemeta` WHERE (meta_key = 'active_sitewide_plugins') AND (site_id=1) LIMIT 1
2016-11-10T16:34:11+00:00 DEBUG (7): SQLSTATE[42S02]: Base table or view not found: 1146 Table 'colony19_blog.wp_sitemeta' doesn't exist, query was: SELECT `wp_sitemeta`.`meta_value` FROM `wp_sitemeta` WHERE (meta_key = 'active_sitewide_plugins') AND (site_id=1) LIMIT 1
2016-11-10T16:34:11+00:00 DEBUG (7): SQLSTATE[42S02]: Base table or view not found: 1146 Table 'colony19_blog.wp_sitemeta' doesn't exist, query was: SELECT `wp_sitemeta`.`meta_value` FROM `wp_sitemeta` WHERE (meta_key = 'active_sitewide_plugins') AND (site_id=1) LIMIT 1
2016-11-10T16:34:11+00:00 DEBUG (7): SQLSTATE[42S02]: Base table or view not found: 1146 Table 'colony19_blog.wp_sitemeta' doesn't exist, query was: SELECT `wp_sitemeta`.`meta_value` FROM `wp_sitemeta` WHERE (meta_key = 'active_sitewide_plugins') AND (site_id=1) LIMIT 1
2016-11-10T16:34:11+00:00 DEBUG (7): SQLSTATE[42S02]: Base table or view not found: 1146 Table 'colony19_blog.wp_sitemeta' doesn't exist, query was: SELECT `wp_sitemeta`.`meta_value` FROM `wp_sitemeta` WHERE (meta_key = 'active_sitewide_plugins') AND (site_id=1) LIMIT 1
2016-11-10T16:34:11+00:00 DEBUG (7): SQLSTATE[42S02]: Base table or view not found: 1146 Table 'colony19_blog.wp_sitemeta' doesn't exist, query was: SELECT `wp_sitemeta`.`meta_value` FROM `wp_sitemeta` WHERE (meta_key = 'active_sitewide_plugins') AND (site_id=1) LIMIT 1
2016-11-10T16:34:11+00:00 DEBUG (7): SQLSTATE[42S02]: Base table or view not found: 1146 Table 'colony19_blog.wp_sitemeta' doesn't exist, query was: SELECT `wp_sitemeta`.`meta_value` FROM `wp_sitemeta` WHERE (meta_key = 'active_sitewide_plugins') AND (site_id=1) LIMIT 1
2016-11-10T16:35:30+00:00 DEBUG (7): SQLSTATE[42S02]: Base table or view not found: 1146 Table 'colony19_blog.wp_sitemeta' doesn't exist, query was: SELECT `wp_sitemeta`.`meta_value` FROM `wp_sitemeta` WHERE (meta_key = 'active_sitewide_plugins') AND (site_id=1) LIMIT 1
2016-11-10T16:35:30+00:00 DEBUG (7): SQLSTATE[42S02]: Base table or view not found: 1146 Table 'colony19_blog.wp_sitemeta' doesn't exist, query was: SELECT `wp_sitemeta`.`meta_value` FROM `wp_sitemeta` WHERE (meta_key = 'active_sitewide_plugins') AND (site_id=1) LIMIT 1
2016-11-10T16:35:30+00:00 DEBUG (7): SQLSTATE[42S02]: Base table or view not found: 1146 Table 'colony19_blog.wp_sitemeta' doesn't exist, query was: SELECT `wp_sitemeta`.`meta_value` FROM `wp_sitemeta` WHERE (meta_key = 'active_sitewide_plugins') AND (site_id=1) LIMIT 1
2016-11-10T16:35:30+00:00 DEBUG (7): SQLSTATE[42S02]: Base table or view not found: 1146 Table 'colony19_blog.wp_sitemeta' doesn't exist, query was: SELECT `wp_sitemeta`.`meta_value` FROM `wp_sitemeta` WHERE (meta_key = 'active_sitewide_plugins') AND (site_id=1) LIMIT 1
2016-11-10T16:35:30+00:00 DEBUG (7): SQLSTATE[42S02]: Base table or view not found: 1146 Table 'colony19_blog.wp_sitemeta' doesn't exist, query was: SELECT `wp_sitemeta`.`meta_value` FROM `wp_sitemeta` WHERE (meta_key = 'active_sitewide_plugins') AND (site_id=1) LIMIT 1
2016-11-10T16:35:54+00:00 DEBUG (7): SQLSTATE[42S02]: Base table or view not found: 1146 Table 'colony19_blog.wp_blogs' doesn't exist, query was: SELECT `wp_blogs`.`blog_id` FROM `wp_blogs`
2016-11-10T16:35:54+00:00 DEBUG (7): SQLSTATE[42S02]: Base table or view not found: 1146 Table 'colony19_blog.wp_sitemeta' doesn't exist, query was: SELECT `wp_sitemeta`.`meta_value` FROM `wp_sitemeta` WHERE (meta_key = 'active_sitewide_plugins') AND (site_id=1) LIMIT 1
2016-11-10T16:35:54+00:00 DEBUG (7): SQLSTATE[42S02]: Base table or view not found: 1146 Table 'colony19_blog.wp_sitemeta' doesn't exist, query was: SELECT `wp_sitemeta`.`meta_value` FROM `wp_sitemeta` WHERE (meta_key = 'active_sitewide_plugins') AND (site_id=1) LIMIT 1
2016-11-10T16:35:54+00:00 DEBUG (7): SQLSTATE[42S02]: Base table or view not found: 1146 Table 'colony19_blog.wp_sitemeta' doesn't exist, query was: SELECT `wp_sitemeta`.`meta_value` FROM `wp_sitemeta` WHERE (meta_key = 'active_sitewide_plugins') AND (site_id=1) LIMIT 1
2016-11-10T16:35:54+00:00 DEBUG (7): SQLSTATE[42S02]: Base table or view not found: 1146 Table 'colony19_blog.wp_sitemeta' doesn't exist, query was: SELECT `wp_sitemeta`.`meta_value` FROM `wp_sitemeta` WHERE (meta_key = 'active_sitewide_plugins') AND (site_id=1) LIMIT 1
2016-11-10T16:35:54+00:00 DEBUG (7): SQLSTATE[42S02]: Base table or view not found: 1146 Table 'colony19_blog.wp_sitemeta' doesn't exist, query was: SELECT `wp_sitemeta`.`meta_value` FROM `wp_sitemeta` WHERE (meta_key = 'active_sitewide_plugins') AND (site_id=1) LIMIT 1
2016-11-10T16:35:54+00:00 DEBUG (7): SQLSTATE[42S02]: Base table or view not found: 1146 Table 'colony19_blog.wp_sitemeta' doesn't exist, query was: SELECT `wp_sitemeta`.`meta_value` FROM `wp_sitemeta` WHERE (meta_key = 'active_sitewide_plugins') AND (site_id=1) LIMIT 1
2016-11-10T16:35:54+00:00 DEBUG (7): SQLSTATE[42S02]: Base table or view not found: 1146 Table 'colony19_blog.wp_sitemeta' doesn't exist, query was: SELECT `wp_sitemeta`.`meta_value` FROM `wp_sitemeta` WHERE (meta_key = 'active_sitewide_plugins') AND (site_id=1) LIMIT 1
2016-11-10T16:35:54+00:00 DEBUG (7): SQLSTATE[42S02]: Base table or view not found: 1146 Table 'colony19_blog.wp_sitemeta' doesn't exist, query was: SELECT `wp_sitemeta`.`meta_value` FROM `wp_sitemeta` WHERE (meta_key = 'active_sitewide_plugins') AND (site_id=1) LIMIT 1
2016-11-10T16:35:54+00:00 DEBUG (7): SQLSTATE[42S02]: Base table or view not found: 1146 Table 'colony19_blog.wp_sitemeta' doesn't exist, query was: SELECT `wp_sitemeta`.`meta_value` FROM `wp_sitemeta` WHERE (meta_key = 'active_sitewide_plugins') AND (site_id=1) LIMIT 1
2016-11-10T16:35:54+00:00 DEBUG (7): SQLSTATE[42S02]: Base table or view not found: 1146 Table 'colony19_blog.wp_sitemeta' doesn't exist, query was: SELECT `wp_sitemeta`.`meta_value` FROM `wp_sitemeta` WHERE (meta_key = 'active_sitewide_plugins') AND (site_id=1) LIMIT 1
2016-11-10T16:35:54+00:00 DEBUG (7): SQLSTATE[42S02]: Base table or view not found: 1146 Table 'colony19_blog.wp_sitemeta' doesn't exist, query was: SELECT `wp_sitemeta`.`meta_value` FROM `wp_sitemeta` WHERE (meta_key = 'active_sitewide_plugins') AND (site_id=1) LIMIT 1
2016-11-10T16:35:54+00:00 DEBUG (7): SQLSTATE[42S02]: Base table or view not found: 1146 Table 'colony19_blog.wp_sitemeta' doesn't exist, query was: SELECT `wp_sitemeta`.`meta_value` FROM `wp_sitemeta` WHERE (meta_key = 'active_sitewide_plugins') AND (site_id=1) LIMIT 1
2016-11-10T16:35:54+00:00 DEBUG (7): SQLSTATE[42S02]: Base table or view not found: 1146 Table 'colony19_blog.wp_sitemeta' doesn't exist, query was: SELECT `wp_sitemeta`.`meta_value` FROM `wp_sitemeta` WHERE (meta_key = 'active_sitewide_plugins') AND (site_id=1) LIMIT 1
2016-11-10T16:35:54+00:00 DEBUG (7): SQLSTATE[42S02]: Base table or view not found: 1146 Table 'colony19_blog.wp_sitemeta' doesn't exist, query was: SELECT `wp_sitemeta`.`meta_value` FROM `wp_sitemeta` WHERE (meta_key = 'active_sitewide_plugins') AND (site_id=1) LIMIT 1
2016-11-10T16:35:54+00:00 DEBUG (7): SQLSTATE[42S02]: Base table or view not found: 1146 Table 'colony19_blog.wp_sitemeta' doesn't exist, query was: SELECT `wp_sitemeta`.`meta_value` FROM `wp_sitemeta` WHERE (meta_key = 'active_sitewide_plugins') AND (site_id=1) LIMIT 1
2016-11-10T16:36:17+00:00 DEBUG (7): SQLSTATE[42S02]: Base table or view not found: 1146 Table 'colony19_blog.wp_blogs' doesn't exist, query was: SELECT `wp_blogs`.`blog_id` FROM `wp_blogs`
2016-11-10T16:36:18+00:00 DEBUG (7): SQLSTATE[42S02]: Base table or view not found: 1146 Table 'colony19_blog.wp_sitemeta' doesn't exist, query was: SELECT `wp_sitemeta`.`meta_value` FROM `wp_sitemeta` WHERE (meta_key = 'active_sitewide_plugins') AND (site_id=1) LIMIT 1
2016-11-10T16:36:18+00:00 DEBUG (7): SQLSTATE[42S02]: Base table or view not found: 1146 Table 'colony19_blog.wp_sitemeta' doesn't exist, query was: SELECT `wp_sitemeta`.`meta_value` FROM `wp_sitemeta` WHERE (meta_key = 'active_sitewide_plugins') AND (site_id=1) LIMIT 1
2016-11-10T16:36:18+00:00 DEBUG (7): SQLSTATE[42S02]: Base table or view not found: 1146 Table 'colony19_blog.wp_sitemeta' doesn't exist, query was: SELECT `wp_sitemeta`.`meta_value` FROM `wp_sitemeta` WHERE (meta_key = 'active_sitewide_plugins') AND (site_id=1) LIMIT 1
2016-11-10T16:36:18+00:00 DEBUG (7): SQLSTATE[42S02]: Base table or view not found: 1146 Table 'colony19_blog.wp_sitemeta' doesn't exist, query was: SELECT `wp_sitemeta`.`meta_value` FROM `wp_sitemeta` WHERE (meta_key = 'active_sitewide_plugins') AND (site_id=1) LIMIT 1
2016-11-10T16:36:18+00:00 DEBUG (7): SQLSTATE[42S02]: Base table or view not found: 1146 Table 'colony19_blog.wp_sitemeta' doesn't exist, query was: SELECT `wp_sitemeta`.`meta_value` FROM `wp_sitemeta` WHERE (meta_key = 'active_sitewide_plugins') AND (site_id=1) LIMIT 1
2016-11-10T16:36:18+00:00 DEBUG (7): SQLSTATE[42S02]: Base table or view not found: 1146 Table 'colony19_blog.wp_sitemeta' doesn't exist, query was: SELECT `wp_sitemeta`.`meta_value` FROM `wp_sitemeta` WHERE (meta_key = 'active_sitewide_plugins') AND (site_id=1) LIMIT 1
2016-11-10T16:36:18+00:00 DEBUG (7): SQLSTATE[42S02]: Base table or view not found: 1146 Table 'colony19_blog.wp_sitemeta' doesn't exist, query was: SELECT `wp_sitemeta`.`meta_value` FROM `wp_sitemeta` WHERE (meta_key = 'active_sitewide_plugins') AND (site_id=1) LIMIT 1
2016-11-10T16:36:18+00:00 DEBUG (7): SQLSTATE[42S02]: Base table or view not found: 1146 Table 'colony19_blog.wp_sitemeta' doesn't exist, query was: SELECT `wp_sitemeta`.`meta_value` FROM `wp_sitemeta` WHERE (meta_key = 'active_sitewide_plugins') AND (site_id=1) LIMIT 1
2016-11-10T16:36:18+00:00 DEBUG (7): SQLSTATE[42S02]: Base table or view not found: 1146 Table 'colony19_blog.wp_sitemeta' doesn't exist, query was: SELECT `wp_sitemeta`.`meta_value` FROM `wp_sitemeta` WHERE (meta_key = 'active_sitewide_plugins') AND (site_id=1) LIMIT 1
2016-11-10T16:36:18+00:00 DEBUG (7): SQLSTATE[42S02]: Base table or view not found: 1146 Table 'colony19_blog.wp_sitemeta' doesn't exist, query was: SELECT `wp_sitemeta`.`meta_value` FROM `wp_sitemeta` WHERE (meta_key = 'active_sitewide_plugins') AND (site_id=1) LIMIT 1
2016-11-10T16:36:18+00:00 DEBUG (7): SQLSTATE[42S02]: Base table or view not found: 1146 Table 'colony19_blog.wp_sitemeta' doesn't exist, query was: SELECT `wp_sitemeta`.`meta_value` FROM `wp_sitemeta` WHERE (meta_key = 'active_sitewide_plugins') AND (site_id=1) LIMIT 1
2016-11-10T16:36:18+00:00 DEBUG (7): SQLSTATE[42S02]: Base table or view not found: 1146 Table 'colony19_blog.wp_sitemeta' doesn't exist, query was: SELECT `wp_sitemeta`.`meta_value` FROM `wp_sitemeta` WHERE (meta_key = 'active_sitewide_plugins') AND (site_id=1) LIMIT 1
2016-11-10T16:36:18+00:00 DEBUG (7): SQLSTATE[42S02]: Base table or view not found: 1146 Table 'colony19_blog.wp_sitemeta' doesn't exist, query was: SELECT `wp_sitemeta`.`meta_value` FROM `wp_sitemeta` WHERE (meta_key = 'active_sitewide_plugins') AND (site_id=1) LIMIT 1
2016-11-10T16:36:18+00:00 DEBUG (7): SQLSTATE[42S02]: Base table or view not found: 1146 Table 'colony19_blog.wp_sitemeta' doesn't exist, query was: SELECT `wp_sitemeta`.`meta_value` FROM `wp_sitemeta` WHERE (meta_key = 'active_sitewide_plugins') AND (site_id=1) LIMIT 1
2016-11-10T16:36:18+00:00 DEBUG (7): SQLSTATE[42S02]: Base table or view not found: 1146 Table 'colony19_blog.wp_sitemeta' doesn't exist, query was: SELECT `wp_sitemeta`.`meta_value` FROM `wp_sitemeta` WHERE (meta_key = 'active_sitewide_plugins') AND (site_id=1) LIMIT 1
2017-04-06T15:37:06+00:00 DEBUG (7): exception 'Exception' with message 'WordPress Auto Login Failed: HTTP/1.1 401 Unauthorized
Date: Thu, 06 Apr 2017 15:37:06 GMT
Server: Apache/2.4.10
WWW-Authenticate: Basic realm="L'accès à ce répertoire est sécurisé."
Content-Length: 381
Content-Type: text/html; charset=iso-8859-1' in /home/agentom/domains/colony19.agentom.com/public_html/app/code/community/Fishpig/Wordpress/Helper/System.php:387
Stack trace:
#0 /home/agentom/domains/colony19.agentom.com/public_html/app/code/community/Fishpig/Wordpress/controllers/Adminhtml/WordpressController.php(34): Fishpig_Wordpress_Helper_System->loginToWordPress('Jaco', 'Psittacuseritha...', 'http://colony19...')
#1 /home/agentom/domains/colony19.agentom.com/public_html/app/code/core/Mage/Core/Controller/Varien/Action.php(418): Fishpig_Wordpress_Adminhtml_WordpressController->loginAction()
#2 /home/agentom/domains/colony19.agentom.com/public_html/app/code/core/Mage/Core/Controller/Varien/Router/Standard.php(254): Mage_Core_Controller_Varien_Action->dispatch('login')
#3 /home/agentom/domains/colony19.agentom.com/public_html/app/code/core/Mage/Core/Controller/Varien/Front.php(172): Mage_Core_Controller_Varien_Router_Standard->match(Object(Mage_Core_Controller_Request_Http))
#4 /home/agentom/domains/colony19.agentom.com/public_html/app/code/core/Mage/Core/Model/App.php(365): Mage_Core_Controller_Varien_Front->dispatch()
#5 /home/agentom/domains/colony19.agentom.com/public_html/app/Mage.php(684): Mage_Core_Model_App->run(Array)
#6 /home/agentom/domains/colony19.agentom.com/public_html/index.php(83): Mage::run('', 'store')
#7 {main}
2017-04-06T16:59:27+00:00 DEBUG (7): exception 'Exception' with message 'WordPress Auto Login Failed: HTTP/1.1 401 Unauthorized
Date: Thu, 06 Apr 2017 16:59:27 GMT
Server: Apache/2.4.10
WWW-Authenticate: Basic realm="L'accès à ce répertoire est sécurisé."
Content-Length: 381
Content-Type: text/html; charset=iso-8859-1' in /home/agentom/domains/colony19.agentom.com/public_html/app/code/community/Fishpig/Wordpress/Helper/System.php:387
Stack trace:
#0 /home/agentom/domains/colony19.agentom.com/public_html/app/code/community/Fishpig/Wordpress/controllers/Adminhtml/WordpressController.php(34): Fishpig_Wordpress_Helper_System->loginToWordPress('Jaco', 'Psittacuseritha...', 'http://colony19...')
#1 /home/agentom/domains/colony19.agentom.com/public_html/app/code/core/Mage/Core/Controller/Varien/Action.php(418): Fishpig_Wordpress_Adminhtml_WordpressController->loginAction()
#2 /home/agentom/domains/colony19.agentom.com/public_html/app/code/core/Mage/Core/Controller/Varien/Router/Standard.php(254): Mage_Core_Controller_Varien_Action->dispatch('login')
#3 /home/agentom/domains/colony19.agentom.com/public_html/app/code/core/Mage/Core/Controller/Varien/Front.php(172): Mage_Core_Controller_Varien_Router_Standard->match(Object(Mage_Core_Controller_Request_Http))
#4 /home/agentom/domains/colony19.agentom.com/public_html/app/code/core/Mage/Core/Model/App.php(365): Mage_Core_Controller_Varien_Front->dispatch()
#5 /home/agentom/domains/colony19.agentom.com/public_html/app/Mage.php(684): Mage_Core_Model_App->run(Array)
#6 /home/agentom/domains/colony19.agentom.com/public_html/index.php(83): Mage::run('', 'store')
#7 {main}
