
2013-12-09 08:24:35
Old CherryFramework version: 1.0
Current CherryFramework version: 3.0
Force update: 0

Child theme: D:\wamp\www\Wordpress\diana.21591/wp-content/themes/theme2634

Child theme: D:\wamp\www\Wordpress\diana.21591/wp-content/themes/theme2634
Save D:\wamp\www\Wordpress\diana.21591/wp-content/themes/theme2634/style.css

2015-12-22 08:37:50
Old CherryFramework version: 1.0
Current CherryFramework version: 3.0
Force update: 0

Child theme: C:\wamp\www\colony\blog/wp-content/themes/wildlife

Child theme: C:\wamp\www\colony\blog/wp-content/themes/wildlife
Save C:\wamp\www\colony\blog/wp-content/themes/wildlife/style.css

2016-02-09 09:07:16
Old CherryFramework version: 1.0
Current CherryFramework version: 3.0
Force update: 0

Child theme: C:\wamp\www\colony\blog/wp-content/themes/wildlife

Child theme: C:\wamp\www\colony\blog/wp-content/themes/wildlife
Save C:\wamp\www\colony\blog/wp-content/themes/wildlife/style.css

2016-02-10 09:57:49
Old CherryFramework version: 1.0
Current CherryFramework version: 3.0
Force update: 0

Child theme: C:\wamp\www\colony\blog/wp-content/themes/wildlife

Child theme: C:\wamp\www\colony\blog/wp-content/themes/wildlife
Save C:\wamp\www\colony\blog/wp-content/themes/wildlife/style.css
